10-12-2014 17:47:07 - Array
(
    [0] => Array
        (
            [file] => C:\wamp\www\framework\system\database\database.php
            [line] => 61
            [function] => write
            [class] => Log
            [type] => ::
            [args] => Array
                (
                    [0] => Query error. Error: (1064) - You have an error in your SQL syntax; check the manual that corresponds to your MySQL server version for the right syntax to use near ''cts' at line 1
                )

        )

    [1] => Array
        (
            [file] => C:\wamp\www\framework\application\model\welcome_m.php
            [line] => 6
            [function] => query
            [class] => Database
            [object] => Database Object
                (
                    [driver:Database:private] => DB_Mysqli Object
                        (
                            [con:DB_Mysqli:private] => mysqli Object
                                (
                                    [affected_rows] => -1
                                    [client_info] => mysqlnd 5.0.11-dev - 20120503 - $Id: bf9ad53b11c9a57efdb1057292d73b928b8c5c77 $
                                    [client_version] => 50011
                                    [connect_errno] => 0
                                    [connect_error] => 
                                    [errno] => 1064
                                    [error] => You have an error in your SQL syntax; check the manual that corresponds to your MySQL server version for the right syntax to use near ''cts' at line 1
                                    [error_list] => Array
                                        (
                                            [0] => Array
                                                (
                                                    [errno] => 1064
                                                    [sqlstate] => 42000
                                                    [error] => You have an error in your SQL syntax; check the manual that corresponds to your MySQL server version for the right syntax to use near ''cts' at line 1
                                                )

                                        )

                                    [field_count] => 0
                                    [host_info] => localhost via TCP/IP
                                    [info] => 
                                    [insert_id] => 0
                                    [server_info] => 5.6.17
                                    [server_version] => 50617
                                    [stat] => Uptime: 10040  Threads: 1  Questions: 42  Slow queries: 0  Opens: 68  Flush tables: 1  Open tables: 61  Queries per second avg: 0.004
                                    [sqlstate] => 00000
                                    [protocol_version] => 10
                                    [thread_id] => 16
                                    [warning_count] => 0
                                )

                            [result:DB_Mysqli:private] => 
                        )

                    [errorMessage:Database:private] => You have an error in your SQL syntax; check the manual that corresponds to your MySQL server version for the right syntax to use near ''cts' at line 1
                    [errorCode:Database:private] => 1064
                    [hasError:Database:private] => 1
                )

            [type] => ->
            [args] => Array
                (
                    [0] => select * from conta'cts
                )

        )

    [2] => Array
        (
            [file] => C:\wamp\www\framework\application\controller\welcome.php
            [line] => 15
            [function] => helloWorld
            [class] => Welcome_m
            [object] => Welcome_m Object
                (
                    [db] => Database Object
                        (
                            [driver:Database:private] => DB_Mysqli Object
                                (
                                    [con:DB_Mysqli:private] => mysqli Object
                                        (
                                            [affected_rows] => -1
                                            [client_info] => mysqlnd 5.0.11-dev - 20120503 - $Id: bf9ad53b11c9a57efdb1057292d73b928b8c5c77 $
                                            [client_version] => 50011
                                            [connect_errno] => 0
                                            [connect_error] => 
                                            [errno] => 0
                                            [error] => 
                                            [error_list] => Array
                                                (
                                                )

                                            [field_count] => 0
                                            [host_info] => localhost via TCP/IP
                                            [info] => 
                                            [insert_id] => 0
                                            [server_info] => 5.6.17
                                            [server_version] => 50617
                                            [stat] => Uptime: 10040  Threads: 1  Questions: 43  Slow queries: 0  Opens: 68  Flush tables: 1  Open tables: 61  Queries per second avg: 0.004
                                            [sqlstate] => 00000
                                            [protocol_version] => 10
                                            [thread_id] => 16
                                            [warning_count] => 0
                                        )

                                    [result:DB_Mysqli:private] => 
                                )

                            [errorMessage:Database:private] => You have an error in your SQL syntax; check the manual that corresponds to your MySQL server version for the right syntax to use near ''cts' at line 1
                            [errorCode:Database:private] => 1064
                            [hasError:Database:private] => 1
                        )

                )

            [type] => ->
            [args] => Array
                (
                )

        )

    [3] => Array
        (
            [function] => index
            [class] => Welcome
            [object] => Welcome Object
                (
                    [db] => Database Object
                        (
                            [driver:Database:private] => DB_Mysqli Object
                                (
                                    [con:DB_Mysqli:private] => mysqli Object
                                        (
                                            [affected_rows] => -1
                                            [client_info] => mysqlnd 5.0.11-dev - 20120503 - $Id: bf9ad53b11c9a57efdb1057292d73b928b8c5c77 $
                                            [client_version] => 50011
                                            [connect_errno] => 0
                                            [connect_error] => 
                                            [errno] => 0
                                            [error] => 
                                            [error_list] => Array
                                                (
                                                )

                                            [field_count] => 0
                                            [host_info] => localhost via TCP/IP
                                            [info] => 
                                            [insert_id] => 0
                                            [server_info] => 5.6.17
                                            [server_version] => 50617
                                            [stat] => Uptime: 10040  Threads: 1  Questions: 44  Slow queries: 0  Opens: 68  Flush tables: 1  Open tables: 61  Queries per second avg: 0.004
                                            [sqlstate] => 00000
                                            [protocol_version] => 10
                                            [thread_id] => 16
                                            [warning_count] => 0
                                        )

                                    [result:DB_Mysqli:private] => 
                                )

                            [errorMessage:Database:private] => You have an error in your SQL syntax; check the manual that corresponds to your MySQL server version for the right syntax to use near ''cts' at line 1
                            [errorCode:Database:private] => 1064
                            [hasError:Database:private] => 1
                        )

                    [request] => Request Object
                        (
                            [__GET:Request:private] => Array
                                (
                                )

                            [__POST:Request:private] => Array
                                (
                                )

                            [param:Request:private] => 
                            [prevents:Request:private] => 
                            [requestType:Request:private] => 
                            [_FILTER:Request:private] => Array
                                (
                                    [int] => 519
                                    [urlenc] => 514
                                    [urlval] => 273
                                    [html] => 515
                                )

                        )

                    [response] => Response Object
                        (
                            [output:Response:private] => Array
                                (
                                    [0] => Foi
                                )

                            [headers:Response:private] => Array
                                (
                                )

                        )

                    [loader] => Loader Object
                        (
                        )

                    [load] => Loader Object
                        (
                        )

                    [welcome_m] => Welcome_m Object
                        (
                            [db] => Database Object
                                (
                                    [driver:Database:private] => DB_Mysqli Object
                                        (
                                            [con:DB_Mysqli:private] => mysqli Object
                                                (
                                                    [affected_rows] => -1
                                                    [client_info] => mysqlnd 5.0.11-dev - 20120503 - $Id: bf9ad53b11c9a57efdb1057292d73b928b8c5c77 $
                                                    [client_version] => 50011
                                                    [connect_errno] => 0
                                                    [connect_error] => 
                                                    [errno] => 0
                                                    [error] => 
                                                    [error_list] => Array
                                                        (
                                                        )

                                                    [field_count] => 0
                                                    [host_info] => localhost via TCP/IP
                                                    [info] => 
                                                    [insert_id] => 0
                                                    [server_info] => 5.6.17
                                                    [server_version] => 50617
                                                    [stat] => Uptime: 10040  Threads: 1  Questions: 45  Slow queries: 0  Opens: 68  Flush tables: 1  Open tables: 61  Queries per second avg: 0.004
                                                    [sqlstate] => 00000
                                                    [protocol_version] => 10
                                                    [thread_id] => 16
                                                    [warning_count] => 0
                                                )

                                            [result:DB_Mysqli:private] => 
                                        )

                                    [errorMessage:Database:private] => You have an error in your SQL syntax; check the manual that corresponds to your MySQL server version for the right syntax to use near ''cts' at line 1
                                    [errorCode:Database:private] => 1064
                                    [hasError:Database:private] => 1
                                )

                        )

                )

            [type] => ->
            [args] => Array
                (
                )

        )

    [4] => Array
        (
            [file] => C:\wamp\www\framework\system\core\router.php
            [line] => 98
            [function] => call_user_func_array
            [args] => Array
                (
                    [0] => Array
                        (
                            [0] => Welcome Object
                                (
                                    [db] => Database Object
                                        (
                                            [driver:Database:private] => DB_Mysqli Object
                                                (
                                                    [con:DB_Mysqli:private] => mysqli Object
                                                        (
                                                            [affected_rows] => -1
                                                            [client_info] => mysqlnd 5.0.11-dev - 20120503 - $Id: bf9ad53b11c9a57efdb1057292d73b928b8c5c77 $
                                                            [client_version] => 50011
                                                            [connect_errno] => 0
                                                            [connect_error] => 
                                                            [errno] => 0
                                                            [error] => 
                                                            [error_list] => Array
                                                                (
                                                                )

                                                            [field_count] => 0
                                                            [host_info] => localhost via TCP/IP
                                                            [info] => 
                                                            [insert_id] => 0
                                                            [server_info] => 5.6.17
                                                            [server_version] => 50617
                                                            [stat] => Uptime: 10040  Threads: 1  Questions: 46  Slow queries: 0  Opens: 68  Flush tables: 1  Open tables: 61  Queries per second avg: 0.004
                                                            [sqlstate] => 00000
                                                            [protocol_version] => 10
                                                            [thread_id] => 16
                                                            [warning_count] => 0
                                                        )

                                                    [result:DB_Mysqli:private] => 
                                                )

                                            [errorMessage:Database:private] => You have an error in your SQL syntax; check the manual that corresponds to your MySQL server version for the right syntax to use near ''cts' at line 1
                                            [errorCode:Database:private] => 1064
                                            [hasError:Database:private] => 1
                                        )

                                    [request] => Request Object
                                        (
                                            [__GET:Request:private] => Array
                                                (
                                                )

                                            [__POST:Request:private] => Array
                                                (
                                                )

                                            [param:Request:private] => 
                                            [prevents:Request:private] => 
                                            [requestType:Request:private] => 
                                            [_FILTER:Request:private] => Array
                                                (
                                                    [int] => 519
                                                    [urlenc] => 514
                                                    [urlval] => 273
                                                    [html] => 515
                                                )

                                        )

                                    [response] => Response Object
                                        (
                                            [output:Response:private] => Array
                                                (
                                                    [0] => Foi
                                                )

                                            [headers:Response:private] => Array
                                                (
                                                )

                                        )

                                    [loader] => Loader Object
                                        (
                                        )

                                    [load] => Loader Object
                                        (
                                        )

                                    [welcome_m] => Welcome_m Object
                                        (
                                            [db] => Database Object
                                                (
                                                    [driver:Database:private] => DB_Mysqli Object
                                                        (
                                                            [con:DB_Mysqli:private] => mysqli Object
                                                                (
                                                                    [affected_rows] => -1
                                                                    [client_info] => mysqlnd 5.0.11-dev - 20120503 - $Id: bf9ad53b11c9a57efdb1057292d73b928b8c5c77 $
                                                                    [client_version] => 50011
                                                                    [connect_errno] => 0
                                                                    [connect_error] => 
                                                                    [errno] => 0
                                                                    [error] => 
                                                                    [error_list] => Array
                                                                        (
                                                                        )

                                                                    [field_count] => 0
                                                                    [host_info] => localhost via TCP/IP
                                                                    [info] => 
                                                                    [insert_id] => 0
                                                                    [server_info] => 5.6.17
                                                                    [server_version] => 50617
                                                                    [stat] => Uptime: 10040  Threads: 1  Questions: 47  Slow queries: 0  Opens: 68  Flush tables: 1  Open tables: 61  Queries per second avg: 0.004
                                                                    [sqlstate] => 00000
                                                                    [protocol_version] => 10
                                                                    [thread_id] => 16
                                                                    [warning_count] => 0
                                                                )

                                                            [result:DB_Mysqli:private] => 
                                                        )

                                                    [errorMessage:Database:private] => You have an error in your SQL syntax; check the manual that corresponds to your MySQL server version for the right syntax to use near ''cts' at line 1
                                                    [errorCode:Database:private] => 1064
                                                    [hasError:Database:private] => 1
                                                )

                                        )

                                )

                            [1] => index
                        )

                    [1] => Array
                        (
                        )

                )

        )

    [5] => Array
        (
            [file] => C:\wamp\www\framework\system\core\router.php
            [line] => 81
            [function] => action
            [class] => Router
            [object] => Router Object
                (
                    [file:protected] => C:\wamp\www\framework/application/controller/welcome.php
                    [class:protected] => welcome
                    [method:protected] => index
                    [args:protected] => Array
                        (
                        )

                )

            [type] => ->
            [args] => Array
                (
                )

        )

    [6] => Array
        (
            [file] => C:\wamp\www\framework\index.php
            [line] => 74
            [function] => __construct
            [class] => Router
            [object] => Router Object
                (
                    [file:protected] => C:\wamp\www\framework/application/controller/welcome.php
                    [class:protected] => welcome
                    [method:protected] => index
                    [args:protected] => Array
                        (
                        )

                )

            [type] => ->
            [args] => Array
                (
                    [0] => 
                )

        )

)

